\BOOKMARK [0][-]{chapter.1}{Background}{}% 1
\BOOKMARK [0][-]{chapter.2}{Introduction and Context}{}% 2
\BOOKMARK [1][-]{section.2.1}{General Problem Statement}{chapter.2}% 3
\BOOKMARK [1][-]{section.2.2}{Previous work}{chapter.2}% 4
\BOOKMARK [1][-]{section.2.3}{Purpose}{chapter.2}% 5
\BOOKMARK [1][-]{section.2.4}{Scope Objective and Goals}{chapter.2}% 6
\BOOKMARK [1][-]{section.2.5}{Roadmap}{chapter.2}% 7
\BOOKMARK [0][-]{chapter.3}{Methodology}{}% 8
\BOOKMARK [0][-]{chapter.4}{Technology Review}{}% 9
\BOOKMARK [1][-]{section.4.1}{Prototyping Tool - Justin-mind}{chapter.4}% 10
\BOOKMARK [1][-]{section.4.2}{MEAN-Stack}{chapter.4}% 11
\BOOKMARK [2][-]{subsection.4.2.1}{NoSql Technology - MongoDB}{section.4.2}% 12
\BOOKMARK [2][-]{subsection.4.2.2}{Express.js}{section.4.2}% 13
\BOOKMARK [2][-]{subsection.4.2.3}{Node.js}{section.4.2}% 14
\BOOKMARK [2][-]{subsection.4.2.4}{AngularJs}{section.4.2}% 15
\BOOKMARK [1][-]{section.4.3}{REST- Architecture}{chapter.4}% 16
\BOOKMARK [1][-]{section.4.4}{JWT - JSON Web Tokens Authentication}{chapter.4}% 17
\BOOKMARK [1][-]{section.4.5}{Send-grid - Email Delivery}{chapter.4}% 18
\BOOKMARK [1][-]{section.4.6}{Cross-Platform Development}{chapter.4}% 19
\BOOKMARK [1][-]{section.4.7}{Google Maps}{chapter.4}% 20
\BOOKMARK [0][-]{chapter.5}{System Design}{}% 21
\BOOKMARK [1][-]{section.5.1}{Architecture}{chapter.5}% 22
\BOOKMARK [2][-]{subsection.5.1.1}{Presentation Layer}{section.5.1}% 23
\BOOKMARK [2][-]{subsection.5.1.2}{Business Logic }{section.5.1}% 24
\BOOKMARK [2][-]{subsection.5.1.3}{Data Layer}{section.5.1}% 25
\BOOKMARK [0][-]{chapter.6}{System Evaluation}{}% 26
\BOOKMARK [0][-]{chapter.7}{Conclusion}{}% 27
